C51 COMPILER V9.59.0.0   AT24C02                                                           02/26/2019 21:46:30 PAGE 1   


C51 COMPILER V9.59.0.0, COMPILATION OF MODULE AT24C02
OBJECT MODULE PLACED IN .\Objects\at24c02.obj
COMPILER INVOKED BY: D:\Program Files (x86)\Keil_v5\C51\BIN\C51.EXE at24c02.c LARGE OMF2 OPTIMIZE(8,SPEED) BROWSE DEBUG 
                    -PRINT(.\Listings\at24c02.lst) OBJECT(.\Objects\at24c02.obj)

line level    source

   1          /**
   2           * at24c02.h - at24c02 chip function
   3           * Copyright (c) 2018 Silgm. All right reserved.
   4          */
   5          #include "at24c02.h"
   6          
   7          void At24c02_create(At24c02 *dev, Pin sda, Pin scl, uint8_t devAddr)
   8          {
   9   1              I2CDev_create(&(dev->i2cDev), sda, scl);
  10   1              dev->addr = devAddr;
  11   1      }
  12          
  13          void At24c02_init(At24c02 *dev)
  14          {
  15   1              I2CDev_init(&(dev->i2cDev));
  16   1      }
  17          
  18          void At24c02_writeByte(At24c02 *dev, uint8_t wordAddr, uint8_t byte)
  19          {
  20   1              I2CDev_start(&(dev->i2cDev));
  21   1              I2CDev_writeAddress(&(dev->i2cDev), dev->addr, MODE_WRITE);
  22   1              I2CDev_writeData(&(dev->i2cDev), wordAddr);
  23   1              I2CDev_writeData(&(dev->i2cDev), byte);
  24   1              I2CDev_stop(&(dev->i2cDev));
  25   1      }
  26          
  27          uint8_t At24c02_readByte(At24c02 *dev, uint8_t wordAddr)
  28          {
  29   1              uint8_t dat;
  30   1              I2CDev_start(&(dev->i2cDev));
  31   1              I2CDev_writeAddress(&(dev->i2cDev), dev->addr, MODE_WRITE);
  32   1              I2CDev_writeData(&(dev->i2cDev), wordAddr);
  33   1              I2CDev_stop(&(dev->i2cDev));
  34   1      
  35   1              I2CDev_start(&(dev->i2cDev));
  36   1              I2CDev_writeAddress(&(dev->i2cDev), dev->addr, MODE_READ);
  37   1              dat = I2CDev_readData(&(dev->i2cDev), false);   //No Ack
  38   1              I2CDev_stop(&(dev->i2cDev));
  39   1              return dat;
  40   1      }


MODULE INFORMATION:   STATIC OVERLAYABLE
   CODE SIZE        =    330    ----
   CONSTANT SIZE    =   ----    ----
   XDATA SIZE       =   ----      16
   PDATA SIZE       =   ----    ----
   DATA SIZE        =   ----    ----
   IDATA SIZE       =   ----    ----
   BIT SIZE         =   ----    ----
   EDATA SIZE       =   ----    ----
   HDATA SIZE       =   ----    ----
   XDATA CONST SIZE =   ----    ----
   FAR CONST SIZE   =   ----    ----
C51 COMPILER V9.59.0.0   AT24C02                                                           02/26/2019 21:46:30 PAGE 2   

END OF MODULE INFORMATION.


C51 COMPILATION COMPLETE.  0 WARNING(S),  0 ERROR(S)
