C51 COMPILER V9.59.0.0   DELAY                                                             02/26/2019 18:43:20 PAGE 1   


C51 COMPILER V9.59.0.0, COMPILATION OF MODULE DELAY
OBJECT MODULE PLACED IN .\Objects\delay.obj
COMPILER INVOKED BY: D:\Program Files (x86)\Keil_v5\C51\BIN\C51.EXE delay.c LARGE OMF2 OPTIMIZE(8,SPEED) BROWSE DEBUG PR
                    -INT(.\Listings\delay.lst) OBJECT(.\Objects\delay.obj)

line level    source

   1          /**
   2           * delay.c - Basic and inaccuracy delay function
   3           * Copyright (c) 2018 Silgm. All right reserved.
   4          */
   5          #include "delay.h"
   6          
   7          void delay_ms(uint16_t ms)
   8          {
   9   1              unsigned char i = 0;
  10   1              for (; ms; --ms)
  11   1                      for (i = 0; i < DELAY_FACTOR; ++i);
  12   1      }
  13          
  14          void delay_us(uint16_t us)
  15          {
  16   1              for (; us; --us);
  17   1      }


MODULE INFORMATION:   STATIC OVERLAYABLE
   CODE SIZE        =     39    ----
   CONSTANT SIZE    =   ----    ----
   XDATA SIZE       =   ----    ----
   PDATA SIZE       =   ----    ----
   DATA SIZE        =   ----    ----
   IDATA SIZE       =   ----    ----
   BIT SIZE         =   ----    ----
   EDATA SIZE       =   ----    ----
   HDATA SIZE       =   ----    ----
   XDATA CONST SIZE =   ----    ----
   FAR CONST SIZE   =   ----    ----
END OF MODULE INFORMATION.


C51 COMPILATION COMPLETE.  0 WARNING(S),  0 ERROR(S)
