C51 COMPILER V9.59.0.0   GPIO                                                              02/26/2019 21:46:30 PAGE 1   


C51 COMPILER V9.59.0.0, COMPILATION OF MODULE GPIO
OBJECT MODULE PLACED IN .\Objects\gpio.obj
COMPILER INVOKED BY: D:\Program Files (x86)\Keil_v5\C51\BIN\C51.EXE gpio.c LARGE OMF2 OPTIMIZE(8,SPEED) BROWSE DEBUG PRI
                    -NT(.\Listings\gpio.lst) OBJECT(.\Objects\gpio.obj)

line level    source

   1          /**
   2           * gpio.c - "Arduino like" GPIO Fuction
   3           * Copyright (c) 2018 Silgm. All right reserved.
   4          */
   5          
   6          #include "gpio.h"
   7          #include "stc12c5a60s2.h"
   8          
   9          //p%8 <==> p & 0x07
  10          #define PIN_TO_MASK(p)  (0x01<<(p&0x07))        
  11          #define PIN_TO_PORT(p)  (p>>3)
  12          
  13          void pinMode(Pin pin, PinMode mode)
  14          {
  15   1              uint8_t bitMask = PIN_TO_MASK(pin);
  16   1              Port port = PIN_TO_PORT(pin);
  17   1              
  18   1              if (port == PORT_0)
  19   1              {
  20   2                      if (mode == Mode_WeakUp)
  21   2                      {
  22   3                              //P0M1[pin] = 0, //P0M0[pin] = 0;
  23   3                              P0M0 &= ~(bitMask);
  24   3                              P0M1 &= ~(bitMask);
  25   3                      }
  26   2                      else if (mode == Mode_PPOut)
  27   2                      {
  28   3                              //P0M1[pin] = 0, //P0M0[pin] = 1;
  29   3                              P0M0 |= (bitMask);
  30   3                              P0M1 &= ~(bitMask);
  31   3                      }
  32   2                      else if (mode == Mode_HighImpedanceInput)
  33   2                      {
  34   3                              //P0M1[pin] = 1, //P0M0[pin] = 0;
  35   3                              P0M0 &= ~(bitMask);
  36   3                              P0M1 |= (bitMask);
  37   3                      }
  38   2                      else if (mode == Mode_OpenDrainOuput)
  39   2                      {
  40   3                              //P0M1[pin] = 1, //P0M0[pin] = 1;
  41   3                              P0M0 |= (bitMask);
  42   3                              P0M1 |= (bitMask);
  43   3                      }
  44   2              }
  45   1              else if (port == PORT_1)
  46   1              {
  47   2                      if (mode == Mode_WeakUp)
  48   2                      {
  49   3                              //P1M1[pin] = 0, //P1M0[pin] = 0;
  50   3                              P1M0 &= ~(bitMask);
  51   3                              P1M1 &= ~(bitMask);
  52   3                      }
  53   2                      else if (mode == Mode_PPOut)
  54   2                      {
C51 COMPILER V9.59.0.0   GPIO                                                              02/26/2019 21:46:30 PAGE 2   

  55   3                              //P1M1[pin] = 0, //P1M0[pin] = 1;
  56   3                              P1M0 |= (bitMask);
  57   3                              P1M1 &= ~(bitMask);
  58   3                      }
  59   2                      else if (mode == Mode_HighImpedanceInput)
  60   2                      {
  61   3                              //P1M1[pin] = 1, //P1M0[pin] = 0;
  62   3                              P1M0 &= ~(bitMask);
  63   3                              P1M1 |= (bitMask);
  64   3                      }
  65   2                      else if (mode == Mode_OpenDrainOuput)
  66   2                      {
  67   3                              //P1M1[pin] = 1, //P1M0[pin] = 1;
  68   3                              P1M0 |= (bitMask);
  69   3                              P1M1 |= (bitMask);
  70   3                      }       
  71   2              }
  72   1              else if (port == PORT_2)
  73   1              {
  74   2                      if (mode == Mode_WeakUp)
  75   2                      {
  76   3                              //P2M1[pin] = 0, //P2M0[pin] = 0;
  77   3                              P2M0 &= ~(bitMask);
  78   3                              P2M1 &= ~(bitMask);
  79   3                      }
  80   2                      else if (mode == Mode_PPOut)
  81   2                      {
  82   3                              //P2M1[pin] = 0, //P2M0[pin] = 1;
  83   3                              P2M0 |= (bitMask);
  84   3                              P2M1 &= ~(bitMask);
  85   3                      }
  86   2                      else if (mode == Mode_HighImpedanceInput)
  87   2                      {
  88   3                              //P2M1[pin] = 1, //P2M0[pin] = 0;
  89   3                              P2M0 &= ~(bitMask);
  90   3                              P2M1 |= (bitMask);
  91   3                      }
  92   2                      else if (mode == Mode_OpenDrainOuput)
  93   2                      {
  94   3                              //P2M1[pin] = 1, //P2M0[pin] = 1;
  95   3                              P2M0 |= (bitMask);
  96   3                              P2M1 |= (bitMask);
  97   3                      }       
  98   2              }
  99   1      }
 100          
 101          void digitalWrite(Pin pin, uint8_t val)
 102          {
 103   1              uint8_t bitMask = PIN_TO_MASK(pin);
 104   1              Port port = PIN_TO_PORT(pin);
 105   1              
 106   1              if (port == PORT_0)
 107   1              {
 108   2                      if(val)
 109   2                              P0 |= bitMask;
 110   2                      else
 111   2                              P0 &= ~(bitMask);
 112   2              }
 113   1              else if (port == PORT_1)
 114   1              {
 115   2                      if(val)
 116   2                              P1 |= bitMask;
C51 COMPILER V9.59.0.0   GPIO                                                              02/26/2019 21:46:30 PAGE 3   

 117   2                      else
 118   2                              P1 &= ~(bitMask);
 119   2              }
 120   1              else 
 121   1              {
 122   2                      if(val)
 123   2                              P2 |= bitMask;
 124   2                      else
 125   2                              P2 &= ~(bitMask);
 126   2              }
 127   1      }
 128          
 129          
 130          uint8_t digitalRead(Pin pin)
 131          {
 132   1              uint8_t bitMask = PIN_TO_MASK(pin);
 133   1              Port port = PIN_TO_PORT(pin);
 134   1              
 135   1              if (port == PORT_0)
 136   1              {
 137   2                      if(P0 & bitMask)
 138   2                              return HIGH;
 139   2                      else
 140   2                              return LOW;
 141   2              }
 142   1              else if (port == PORT_1)
 143   1              {
 144   2                      if(P1 & bitMask)
 145   2                              return HIGH;
 146   2                      else
 147   2                              return LOW;
 148   2              }
 149   1              else 
 150   1              {
 151   2                      if(P2 & bitMask)
 152   2                              return HIGH;
 153   2                      else
 154   2                              return LOW;
 155   2              }
 156   1      }
 157          
 158          void digitalWritePort(Port port, uint8_t val)
 159          {
 160   1              if (port == PORT_0)
 161   1                      P0 = val;
 162   1              else if (port == PORT_1)
 163   1                      P1 = val;
 164   1              else 
 165   1                      P2 = val;
 166   1      }
 167          
 168          uint8_t digitalReadPort(Port port)
 169          {
 170   1              if (port == PORT_0)
 171   1                      return P0;
 172   1              else if (port == PORT_1)
 173   1                      return P1;
 174   1              else 
 175   1                      return P2;
 176   1      }
 177          
 178          uint8_t shiftIn(uint8_t dataPin, uint8_t clockPin, uint8_t bitOrder) 
C51 COMPILER V9.59.0.0   GPIO                                                              02/26/2019 21:46:30 PAGE 4   

 179          {
 180   1              uint8_t value = 0;
 181   1              uint8_t i;
 182   1      
 183   1              for (i = 0; i < 8; ++i) {
 184   2                      digitalWrite(clockPin, HIGH);
 185   2                      if (bitOrder == LSBFIRST)
 186   2                              value |= digitalRead(dataPin) << i;
 187   2                      else
 188   2                              value |= digitalRead(dataPin) << (7 - i);
 189   2                      digitalWrite(clockPin, LOW);
 190   2              }
 191   1              return value;
 192   1      }
 193          
 194          void shiftOut(uint8_t dataPin, uint8_t clockPin, uint8_t bitOrder, uint8_t val)
 195          {
 196   1              uint8_t i;
 197   1      
 198   1              for (i = 0; i < 8; i++)  {
 199   2                      if (bitOrder == LSBFIRST)
 200   2                              digitalWrite(dataPin, !!(val & (1 << i)));
 201   2                      else    
 202   2                              digitalWrite(dataPin, !!(val & (1 << (7 - i))));
 203   2                              
 204   2                      digitalWrite(clockPin, HIGH);
 205   2                      digitalWrite(clockPin, LOW);            
 206   2              }
 207   1      }
 208          


MODULE INFORMATION:   STATIC OVERLAYABLE
   CODE SIZE        =    580    ----
   CONSTANT SIZE    =   ----    ----
   XDATA SIZE       =   ----       7
   PDATA SIZE       =   ----    ----
   DATA SIZE        =   ----    ----
   IDATA SIZE       =   ----    ----
   BIT SIZE         =   ----    ----
   EDATA SIZE       =   ----    ----
   HDATA SIZE       =   ----    ----
   XDATA CONST SIZE =   ----    ----
   FAR CONST SIZE   =   ----    ----
END OF MODULE INFORMATION.


C51 COMPILATION COMPLETE.  0 WARNING(S),  0 ERROR(S)
